<?xml version="1.0" encoding="UTF-8" ?>

<testsuite failures="0" time="0.089" errors="0" skipped="0" tests="4" name="BasicTest">
  <testcase classname="BasicTest" name="aVeryImportantThingToTest" time="0.039">
      </testcase>
  <testcase classname="BasicTest" name="createAndRetrieveHubAndHubCoordinator" time="0.014">
      </testcase>
  <testcase classname="BasicTest" name="assignLearnerToHub" time="0.013">
      </testcase>
  <testcase classname="BasicTest" name="createAndRetrieveLearner" time="0.023">
      </testcase>
</testsuite>
